SF:lib\src\collection\ext.dart
DA:7,2
DA:11,2
DA:12,8
DA:17,2
DA:18,8
DA:25,2
DA:26,4
DA:32,2
DA:33,6
DA:38,2
DA:39,6
DA:46,2
DA:47,2
DA:48,3
DA:49,5
DA:51,3
DA:54,4
LF:17
LH:17
end_of_record
SF:lib\src\provider\ext.dart
DA:8,0
DA:9,0
DA:15,1
DA:16,1
LF:4
LH:2
end_of_record
SF:lib\src\provider\provider.dart
DA:8,1
DA:10,1
DA:21,1
DA:23,1
LF:4
LH:4
end_of_record
SF:lib\src\service\descriptor.dart
DA:16,3
DA:23,6
DA:29,3
DA:31,3
LF:4
LH:4
end_of_record
SF:lib\src\global\global.dart
DA:7,1
DA:9,1
DA:17,1
LF:3
LH:3
end_of_record
SF:lib\src\provider\impl.dart
DA:7,2
DA:11,1
DA:13,3
DA:15,3
DA:16,1
DA:19,1
DA:21,3
DA:23,2
DA:24,4
DA:27,1
DA:28,1
DA:29,1
DA:30,1
DA:31,1
DA:32,2
DA:41,1
DA:43,3
DA:44,0
DA:48,4
DA:49,3
DA:53,2
DA:56,4
LF:22
LH:21
end_of_record
